mike.bai--2021-04-14 15:43:22,600--INFO--打开Quote网址
mike.bai--2021-04-14 15:43:22,769--INFO--输入用户名:admin
mike.bai--2021-04-14 15:43:22,814--INFO--输入密码:123456
mike.bai--2021-04-14 15:43:22,845--INFO--点击提交
mike.bai--2021-04-14 15:43:33,138--INFO--打开Quote网址
mike.bai--2021-04-14 15:43:33,300--INFO--输入用户名:
mike.bai--2021-04-14 15:43:33,377--INFO--输入密码:
mike.bai--2021-04-14 15:43:33,407--INFO--点击提交
mike.bai--2021-04-14 15:43:43,159--INFO--打开Quote网址
mike.bai--2021-04-14 15:43:43,308--INFO--输入用户名:frank
mike.bai--2021-04-14 15:43:43,381--INFO--输入密码:
mike.bai--2021-04-14 15:43:43,405--INFO--点击提交
mike.bai--2021-04-14 15:43:53,287--INFO--打开Quote网址
mike.bai--2021-04-14 15:43:53,485--INFO--输入用户名:jimmy
mike.bai--2021-04-14 15:43:53,584--INFO--输入密码:4455667
mike.bai--2021-04-14 15:43:53,688--INFO--点击提交
mike.bai--2021-04-14 15:44:03,579--INFO--打开Quote网址
mike.bai--2021-04-14 15:44:03,772--INFO--输入用户名:admin
mike.bai--2021-04-14 15:44:03,808--INFO--输入密码:123456
mike.bai--2021-04-14 15:44:03,843--INFO--点击提交
mike.bai--2021-04-14 15:44:17,904--INFO--打开Quote网址
mike.bai--2021-04-14 15:44:18,076--INFO--输入用户名:admin
mike.bai--2021-04-14 15:44:18,128--INFO--输入密码:123456
mike.bai--2021-04-14 15:44:18,167--INFO--点击提交
mike.bai--2021-04-14 16:10:40,234--INFO--打开Quote网址
mike.bai--2021-04-14 16:10:40,496--INFO--输入用户名:admin
mike.bai--2021-04-14 16:10:40,565--INFO--输入密码:123456
mike.bai--2021-04-14 16:10:40,596--INFO--点击提交
mike.bai--2021-04-14 16:10:50,700--INFO--打开Quote网址
mike.bai--2021-04-14 16:10:50,881--INFO--输入用户名:
mike.bai--2021-04-14 16:10:50,919--INFO--输入密码:
mike.bai--2021-04-14 16:10:50,947--INFO--点击提交
mike.bai--2021-04-14 16:11:00,795--INFO--打开Quote网址
mike.bai--2021-04-14 16:11:01,014--INFO--输入用户名:frank
mike.bai--2021-04-14 16:11:01,071--INFO--输入密码:
mike.bai--2021-04-14 16:11:01,098--INFO--点击提交
mike.bai--2021-04-14 16:11:10,966--INFO--打开Quote网址
mike.bai--2021-04-14 16:11:11,143--INFO--输入用户名:jimmy
mike.bai--2021-04-14 16:11:11,204--INFO--输入密码:4455667
mike.bai--2021-04-14 16:11:11,227--INFO--点击提交
mike.bai--2021-04-14 16:11:21,106--INFO--打开Quote网址
mike.bai--2021-04-14 16:11:21,296--INFO--输入用户名:admin
mike.bai--2021-04-14 16:11:21,359--INFO--输入密码:123456
mike.bai--2021-04-14 16:11:21,399--INFO--点击提交
mike.bai--2021-04-14 16:11:35,507--INFO--打开Quote网址
mike.bai--2021-04-14 16:11:35,684--INFO--输入用户名:admin
mike.bai--2021-04-14 16:11:35,729--INFO--输入密码:123456
mike.bai--2021-04-14 16:11:35,773--INFO--点击提交
mike.bai--2021-04-14 16:34:41,578--INFO--打开Quote网址
mike.bai--2021-04-14 16:34:41,799--INFO--输入用户名:admin
mike.bai--2021-04-14 16:34:41,841--INFO--输入密码:123456
mike.bai--2021-04-14 16:34:41,862--INFO--点击提交
mike.bai--2021-04-14 16:34:51,077--INFO--打开Quote网址
mike.bai--2021-04-14 16:34:51,248--INFO--输入用户名:
mike.bai--2021-04-14 16:34:51,315--INFO--输入密码:
mike.bai--2021-04-14 16:34:51,466--INFO--点击提交
mike.bai--2021-04-14 16:35:01,136--INFO--打开Quote网址
mike.bai--2021-04-14 16:35:01,303--INFO--输入用户名:frank
mike.bai--2021-04-14 16:35:01,361--INFO--输入密码:
mike.bai--2021-04-14 16:35:01,394--INFO--点击提交
mike.bai--2021-04-14 16:35:10,738--INFO--打开Quote网址
mike.bai--2021-04-14 16:35:10,924--INFO--输入用户名:jimmy
mike.bai--2021-04-14 16:35:10,985--INFO--输入密码:4455667
mike.bai--2021-04-14 16:35:11,010--INFO--点击提交
mike.bai--2021-04-14 16:35:20,865--INFO--打开Quote网址
mike.bai--2021-04-14 16:35:21,045--INFO--输入用户名:admin
mike.bai--2021-04-14 16:35:21,123--INFO--输入密码:123456
mike.bai--2021-04-14 16:35:21,165--INFO--点击提交
mike.bai--2021-04-14 16:35:34,822--INFO--打开Quote网址
mike.bai--2021-04-14 16:35:34,992--INFO--输入用户名:admin
mike.bai--2021-04-14 16:35:35,041--INFO--输入密码:123456
mike.bai--2021-04-14 16:35:35,080--INFO--点击提交
mike.bai--2021-04-14 16:45:49,112--INFO--打开Quote网址
mike.bai--2021-04-14 16:45:49,279--INFO--输入用户名:admin
mike.bai--2021-04-14 16:45:49,321--INFO--输入密码:123456
mike.bai--2021-04-14 16:45:49,365--INFO--点击提交
mike.bai--2021-04-14 16:45:58,780--INFO--打开Quote网址
mike.bai--2021-04-14 16:45:58,927--INFO--输入用户名:
mike.bai--2021-04-14 16:45:58,999--INFO--输入密码:
mike.bai--2021-04-14 16:45:59,025--INFO--点击提交
mike.bai--2021-04-14 16:46:08,613--INFO--打开Quote网址
mike.bai--2021-04-14 16:46:08,873--INFO--输入用户名:frank
mike.bai--2021-04-14 16:46:08,910--INFO--输入密码:
mike.bai--2021-04-14 16:46:08,936--INFO--点击提交
mike.bai--2021-04-14 16:46:18,599--INFO--打开Quote网址
mike.bai--2021-04-14 16:46:18,784--INFO--输入用户名:jimmy
mike.bai--2021-04-14 16:46:18,837--INFO--输入密码:4455667
mike.bai--2021-04-14 16:46:18,877--INFO--点击提交
mike.bai--2021-04-14 16:46:28,537--INFO--打开Quote网址
mike.bai--2021-04-14 16:46:28,719--INFO--输入用户名:admin
mike.bai--2021-04-14 16:46:28,781--INFO--输入密码:123456
mike.bai--2021-04-14 16:46:28,806--INFO--点击提交
mike.bai--2021-04-14 16:46:42,261--INFO--打开Quote网址
mike.bai--2021-04-14 16:46:42,418--INFO--输入用户名:admin
mike.bai--2021-04-14 16:46:42,473--INFO--输入密码:123456
mike.bai--2021-04-14 16:46:42,504--INFO--点击提交
mike.bai--2021-04-14 22:12:31,362--INFO--打开Quote网址
mike.bai--2021-04-14 22:12:31,606--INFO--输入用户名:admin
mike.bai--2021-04-14 22:12:31,639--INFO--输入密码:123456
mike.bai--2021-04-14 22:12:31,653--INFO--点击提交
mike.bai--2021-04-14 22:12:39,069--INFO--打开Quote网址
mike.bai--2021-04-14 22:12:39,128--INFO--输入用户名:
mike.bai--2021-04-14 22:12:39,167--INFO--输入密码:
mike.bai--2021-04-14 22:12:39,189--INFO--点击提交
mike.bai--2021-04-14 22:12:46,284--INFO--打开Quote网址
mike.bai--2021-04-14 22:12:46,360--INFO--输入用户名:frank
mike.bai--2021-04-14 22:12:46,392--INFO--输入密码:
mike.bai--2021-04-14 22:12:46,410--INFO--点击提交
mike.bai--2021-04-14 22:12:53,926--INFO--打开Quote网址
mike.bai--2021-04-14 22:12:54,003--INFO--输入用户名:jimmy
mike.bai--2021-04-14 22:12:54,036--INFO--输入密码:4455667
mike.bai--2021-04-14 22:12:54,057--INFO--点击提交
mike.bai--2021-04-14 22:13:01,118--INFO--打开Quote网址
mike.bai--2021-04-14 22:13:01,204--INFO--输入用户名:admin
mike.bai--2021-04-14 22:13:01,226--INFO--输入密码:123456
mike.bai--2021-04-14 22:13:01,251--INFO--点击提交
mike.bai--2021-04-14 22:13:12,577--INFO--打开Quote网址
mike.bai--2021-04-14 22:13:12,643--INFO--输入用户名:admin
mike.bai--2021-04-14 22:13:12,683--INFO--输入密码:123456
mike.bai--2021-04-14 22:13:12,700--INFO--点击提交
mike.bai--2021-04-14 22:18:32,202--INFO--打开Quote网址
mike.bai--2021-04-14 22:18:32,270--INFO--输入用户名:admin
mike.bai--2021-04-14 22:18:32,286--INFO--输入密码:123456
mike.bai--2021-04-14 22:18:32,302--INFO--点击提交
mike.bai--2021-04-14 22:18:39,999--INFO--打开Quote网址
mike.bai--2021-04-14 22:18:40,065--INFO--输入用户名:
mike.bai--2021-04-14 22:18:40,097--INFO--输入密码:
mike.bai--2021-04-14 22:18:40,119--INFO--点击提交
mike.bai--2021-04-14 22:18:47,210--INFO--打开Quote网址
mike.bai--2021-04-14 22:18:47,273--INFO--输入用户名:frank
mike.bai--2021-04-14 22:18:47,311--INFO--输入密码:
mike.bai--2021-04-14 22:18:47,332--INFO--点击提交
mike.bai--2021-04-14 22:18:54,376--INFO--打开Quote网址
mike.bai--2021-04-14 22:18:54,456--INFO--输入用户名:jimmy
mike.bai--2021-04-14 22:18:54,487--INFO--输入密码:4455667
mike.bai--2021-04-14 22:18:54,504--INFO--点击提交
mike.bai--2021-04-14 22:19:02,046--INFO--打开Quote网址
mike.bai--2021-04-14 22:19:02,113--INFO--输入用户名:admin
mike.bai--2021-04-14 22:19:02,139--INFO--输入密码:123456
mike.bai--2021-04-14 22:19:02,156--INFO--点击提交
mike.bai--2021-04-14 22:19:13,396--INFO--打开Quote网址
mike.bai--2021-04-14 22:19:13,466--INFO--输入用户名:admin
mike.bai--2021-04-14 22:19:13,493--INFO--输入密码:123456
mike.bai--2021-04-14 22:19:13,510--INFO--点击提交
mike.bai--2021-04-14 22:23:15,600--INFO--打开Quote网址
mike.bai--2021-04-14 22:23:15,700--INFO--输入用户名:admin
mike.bai--2021-04-14 22:23:15,725--INFO--输入密码:123456
mike.bai--2021-04-14 22:23:15,742--INFO--点击提交
mike.bai--2021-04-14 22:23:22,935--INFO--打开Quote网址
mike.bai--2021-04-14 22:23:23,001--INFO--输入用户名:
mike.bai--2021-04-14 22:23:23,034--INFO--输入密码:
mike.bai--2021-04-14 22:23:23,053--INFO--点击提交
mike.bai--2021-04-14 22:23:30,681--INFO--打开Quote网址
mike.bai--2021-04-14 22:23:30,750--INFO--输入用户名:frank
mike.bai--2021-04-14 22:23:30,778--INFO--输入密码:
mike.bai--2021-04-14 22:23:30,797--INFO--点击提交
mike.bai--2021-04-14 22:23:38,372--INFO--打开Quote网址
mike.bai--2021-04-14 22:23:38,452--INFO--输入用户名:jimmy
mike.bai--2021-04-14 22:23:38,482--INFO--输入密码:4455667
mike.bai--2021-04-14 22:23:38,500--INFO--点击提交
mike.bai--2021-04-14 22:23:46,176--INFO--打开Quote网址
mike.bai--2021-04-14 22:23:46,233--INFO--输入用户名:admin
mike.bai--2021-04-14 22:23:46,275--INFO--输入密码:123456
mike.bai--2021-04-14 22:23:46,295--INFO--点击提交
mike.bai--2021-04-14 22:23:57,049--INFO--打开Quote网址
mike.bai--2021-04-14 22:23:57,126--INFO--输入用户名:admin
mike.bai--2021-04-14 22:23:57,156--INFO--输入密码:123456
mike.bai--2021-04-14 22:23:57,173--INFO--点击提交
mike.bai--2021-04-14 22:27:32,695--INFO--打开Quote网址
mike.bai--2021-04-14 22:27:32,802--INFO--输入用户名:admin
mike.bai--2021-04-14 22:27:32,837--INFO--输入密码:123456
mike.bai--2021-04-14 22:27:32,863--INFO--点击提交
mike.bai--2021-04-14 22:27:40,513--INFO--打开Quote网址
mike.bai--2021-04-14 22:27:40,572--INFO--输入用户名:
mike.bai--2021-04-14 22:27:40,589--INFO--输入密码:
mike.bai--2021-04-14 22:27:40,619--INFO--点击提交
mike.bai--2021-04-14 22:27:48,154--INFO--打开Quote网址
mike.bai--2021-04-14 22:27:48,208--INFO--输入用户名:frank
mike.bai--2021-04-14 22:27:48,250--INFO--输入密码:
mike.bai--2021-04-14 22:27:48,261--INFO--点击提交
mike.bai--2021-04-14 22:27:55,839--INFO--打开Quote网址
mike.bai--2021-04-14 22:27:55,904--INFO--输入用户名:jimmy
mike.bai--2021-04-14 22:27:55,940--INFO--输入密码:4455667
mike.bai--2021-04-14 22:27:55,960--INFO--点击提交
mike.bai--2021-04-14 22:28:03,564--INFO--打开Quote网址
mike.bai--2021-04-14 22:28:03,633--INFO--输入用户名:admin
mike.bai--2021-04-14 22:28:03,659--INFO--输入密码:123456
mike.bai--2021-04-14 22:28:03,679--INFO--点击提交
mike.bai--2021-04-14 22:28:15,017--INFO--打开Quote网址
mike.bai--2021-04-14 22:28:15,099--INFO--输入用户名:admin
mike.bai--2021-04-14 22:28:15,133--INFO--输入密码:123456
mike.bai--2021-04-14 22:28:15,149--INFO--点击提交
mike.bai--2021-04-14 22:30:43,054--INFO--打开Quote网址
mike.bai--2021-04-14 22:30:43,142--INFO--输入用户名:admin
mike.bai--2021-04-14 22:30:43,179--INFO--输入密码:123456
mike.bai--2021-04-14 22:30:43,201--INFO--点击提交
mike.bai--2021-04-14 22:30:50,864--INFO--打开Quote网址
mike.bai--2021-04-14 22:30:50,956--INFO--输入用户名:
mike.bai--2021-04-14 22:30:50,986--INFO--输入密码:
mike.bai--2021-04-14 22:30:51,007--INFO--点击提交
mike.bai--2021-04-14 22:30:58,104--INFO--打开Quote网址
mike.bai--2021-04-14 22:30:58,176--INFO--输入用户名:frank
mike.bai--2021-04-14 22:30:58,208--INFO--输入密码:
mike.bai--2021-04-14 22:30:58,227--INFO--点击提交
mike.bai--2021-04-14 22:31:05,830--INFO--打开Quote网址
mike.bai--2021-04-14 22:31:05,883--INFO--输入用户名:jimmy
mike.bai--2021-04-14 22:31:05,920--INFO--输入密码:4455667
mike.bai--2021-04-14 22:31:05,938--INFO--点击提交
mike.bai--2021-04-14 22:31:13,488--INFO--打开Quote网址
mike.bai--2021-04-14 22:31:13,547--INFO--输入用户名:admin
mike.bai--2021-04-14 22:31:13,584--INFO--输入密码:123456
mike.bai--2021-04-14 22:31:13,600--INFO--点击提交
mike.bai--2021-04-14 22:31:24,359--INFO--打开Quote网址
mike.bai--2021-04-14 22:31:24,429--INFO--输入用户名:admin
mike.bai--2021-04-14 22:31:24,463--INFO--输入密码:123456
mike.bai--2021-04-14 22:31:24,487--INFO--点击提交
mike.bai--2021-04-14 22:32:42,077--INFO--打开Quote网址
mike.bai--2021-04-14 22:32:42,194--INFO--输入用户名:admin
mike.bai--2021-04-14 22:32:42,231--INFO--输入密码:123456
mike.bai--2021-04-14 22:32:42,255--INFO--点击提交
mike.bai--2021-04-14 22:32:49,976--INFO--打开Quote网址
mike.bai--2021-04-14 22:32:50,045--INFO--输入用户名:
mike.bai--2021-04-14 22:32:50,084--INFO--输入密码:
mike.bai--2021-04-14 22:32:50,100--INFO--点击提交
mike.bai--2021-04-14 22:32:57,703--INFO--打开Quote网址
mike.bai--2021-04-14 22:32:57,759--INFO--输入用户名:frank
mike.bai--2021-04-14 22:32:57,779--INFO--输入密码:
mike.bai--2021-04-14 22:32:57,813--INFO--点击提交
mike.bai--2021-04-14 22:33:04,915--INFO--打开Quote网址
mike.bai--2021-04-14 22:33:05,000--INFO--输入用户名:jimmy
mike.bai--2021-04-14 22:33:05,026--INFO--输入密码:4455667
mike.bai--2021-04-14 22:33:05,046--INFO--点击提交
mike.bai--2021-04-14 22:33:12,578--INFO--打开Quote网址
mike.bai--2021-04-14 22:33:12,643--INFO--输入用户名:admin
mike.bai--2021-04-14 22:33:12,674--INFO--输入密码:123456
mike.bai--2021-04-14 22:33:12,691--INFO--点击提交
mike.bai--2021-04-14 22:33:23,956--INFO--打开Quote网址
mike.bai--2021-04-14 22:33:24,034--INFO--输入用户名:admin
mike.bai--2021-04-14 22:33:24,062--INFO--输入密码:123456
mike.bai--2021-04-14 22:33:24,082--INFO--点击提交
mike.bai--2021-04-14 22:39:03,442--INFO--打开Quote网址
mike.bai--2021-04-14 22:39:03,528--INFO--输入用户名:admin
mike.bai--2021-04-14 22:39:03,560--INFO--输入密码:123456
mike.bai--2021-04-14 22:39:03,576--INFO--点击提交
mike.bai--2021-04-14 22:39:11,215--INFO--打开Quote网址
mike.bai--2021-04-14 22:39:11,298--INFO--输入用户名:
mike.bai--2021-04-14 22:39:11,335--INFO--输入密码:
mike.bai--2021-04-14 22:39:11,356--INFO--点击提交
mike.bai--2021-04-14 22:39:18,922--INFO--打开Quote网址
mike.bai--2021-04-14 22:39:19,005--INFO--输入用户名:frank
mike.bai--2021-04-14 22:39:19,033--INFO--输入密码:
mike.bai--2021-04-14 22:39:19,051--INFO--点击提交
mike.bai--2021-04-14 22:39:26,618--INFO--打开Quote网址
mike.bai--2021-04-14 22:39:26,693--INFO--输入用户名:jimmy
mike.bai--2021-04-14 22:39:26,729--INFO--输入密码:4455667
mike.bai--2021-04-14 22:39:26,746--INFO--点击提交
mike.bai--2021-04-14 22:39:33,942--INFO--打开Quote网址
mike.bai--2021-04-14 22:39:34,019--INFO--输入用户名:admin
mike.bai--2021-04-14 22:39:34,046--INFO--输入密码:123456
mike.bai--2021-04-14 22:39:34,066--INFO--点击提交
mike.bai--2021-04-14 22:39:45,361--INFO--打开Quote网址
mike.bai--2021-04-14 22:39:45,434--INFO--输入用户名:admin
mike.bai--2021-04-14 22:39:45,463--INFO--输入密码:123456
mike.bai--2021-04-14 22:39:45,478--INFO--点击提交
mike.bai--2021-04-14 22:42:10,403--INFO--打开Quote网址
mike.bai--2021-04-14 22:42:10,479--INFO--输入用户名:admin
mike.bai--2021-04-14 22:42:10,506--INFO--输入密码:123456
mike.bai--2021-04-14 22:42:10,524--INFO--点击提交
mike.bai--2021-04-14 22:42:18,202--INFO--打开Quote网址
mike.bai--2021-04-14 22:42:18,279--INFO--输入用户名:
mike.bai--2021-04-14 22:42:18,306--INFO--输入密码:
mike.bai--2021-04-14 22:42:18,324--INFO--点击提交
mike.bai--2021-04-14 22:42:25,385--INFO--打开Quote网址
mike.bai--2021-04-14 22:42:25,468--INFO--输入用户名:frank
mike.bai--2021-04-14 22:42:25,494--INFO--输入密码:
mike.bai--2021-04-14 22:42:25,509--INFO--点击提交
mike.bai--2021-04-14 22:42:32,493--INFO--打开Quote网址
mike.bai--2021-04-14 22:42:32,580--INFO--输入用户名:jimmy
mike.bai--2021-04-14 22:42:32,611--INFO--输入密码:4455667
mike.bai--2021-04-14 22:42:32,626--INFO--点击提交
mike.bai--2021-04-14 22:42:40,237--INFO--打开Quote网址
mike.bai--2021-04-14 22:42:40,301--INFO--输入用户名:admin
mike.bai--2021-04-14 22:42:40,333--INFO--输入密码:123456
mike.bai--2021-04-14 22:42:40,350--INFO--点击提交
mike.bai--2021-04-14 22:42:52,660--INFO--打开Quote网址
mike.bai--2021-04-14 22:42:52,731--INFO--输入用户名:admin
mike.bai--2021-04-14 22:42:52,759--INFO--输入密码:123456
mike.bai--2021-04-14 22:42:52,777--INFO--点击提交
mike.bai--2021-04-14 22:47:50,142--INFO--打开Quote网址
mike.bai--2021-04-14 22:47:50,232--INFO--输入用户名:admin
mike.bai--2021-04-14 22:47:50,262--INFO--输入密码:123456
mike.bai--2021-04-14 22:47:50,280--INFO--点击提交
mike.bai--2021-04-14 22:47:57,837--INFO--打开Quote网址
mike.bai--2021-04-14 22:47:57,916--INFO--输入用户名:
mike.bai--2021-04-14 22:47:57,922--INFO--输入密码:
mike.bai--2021-04-14 22:47:57,959--INFO--点击提交
mike.bai--2021-04-14 22:48:05,464--INFO--打开Quote网址
mike.bai--2021-04-14 22:48:05,545--INFO--输入用户名:frank
mike.bai--2021-04-14 22:48:05,575--INFO--输入密码:
mike.bai--2021-04-14 22:48:05,591--INFO--点击提交
mike.bai--2021-04-14 22:48:12,675--INFO--打开Quote网址
mike.bai--2021-04-14 22:48:12,755--INFO--输入用户名:jimmy
mike.bai--2021-04-14 22:48:12,789--INFO--输入密码:4455667
mike.bai--2021-04-14 22:48:12,806--INFO--点击提交
mike.bai--2021-04-14 22:48:19,771--INFO--打开Quote网址
mike.bai--2021-04-14 22:48:19,853--INFO--输入用户名:admin
mike.bai--2021-04-14 22:48:19,884--INFO--输入密码:123456
mike.bai--2021-04-14 22:48:19,902--INFO--点击提交
mike.bai--2021-04-14 22:48:31,828--INFO--打开Quote网址
mike.bai--2021-04-14 22:48:31,896--INFO--输入用户名:admin
mike.bai--2021-04-14 22:48:31,922--INFO--输入密码:123456
mike.bai--2021-04-14 22:48:31,939--INFO--点击提交
mike.bai--2021-04-14 23:37:33,976--INFO--打开Quote网址
mike.bai--2021-04-14 23:37:34,421--INFO--输入用户名:admin
mike.bai--2021-04-14 23:37:34,462--INFO--输入密码:123456
mike.bai--2021-04-14 23:37:34,485--INFO--点击提交
mike.bai--2021-04-14 23:37:42,554--INFO--打开Quote网址
mike.bai--2021-04-14 23:37:42,628--INFO--输入用户名:
mike.bai--2021-04-14 23:37:42,659--INFO--输入密码:
mike.bai--2021-04-14 23:37:42,677--INFO--点击提交
mike.bai--2021-04-14 23:37:49,735--INFO--打开Quote网址
mike.bai--2021-04-14 23:37:49,817--INFO--输入用户名:frank
mike.bai--2021-04-14 23:37:49,844--INFO--输入密码:
mike.bai--2021-04-14 23:37:49,861--INFO--点击提交
mike.bai--2021-04-14 23:37:56,830--INFO--打开Quote网址
mike.bai--2021-04-14 23:37:56,898--INFO--输入用户名:jimmy
mike.bai--2021-04-14 23:37:56,940--INFO--输入密码:4455667
mike.bai--2021-04-14 23:37:56,958--INFO--点击提交
mike.bai--2021-04-14 23:38:05,059--INFO--打开Quote网址
mike.bai--2021-04-14 23:38:05,172--INFO--输入用户名:admin
mike.bai--2021-04-14 23:38:05,205--INFO--输入密码:123456
mike.bai--2021-04-14 23:38:05,225--INFO--点击提交
mike.bai--2021-04-14 23:38:16,128--INFO--打开Quote网址
mike.bai--2021-04-14 23:38:16,205--INFO--输入用户名:admin
mike.bai--2021-04-14 23:38:16,212--INFO--输入密码:123456
mike.bai--2021-04-14 23:38:16,228--INFO--点击提交
mike.bai--2021-04-14 23:44:42,413--INFO--打开Quote网址
mike.bai--2021-04-14 23:44:42,498--INFO--输入用户名:admin
mike.bai--2021-04-14 23:44:42,536--INFO--输入密码:123456
mike.bai--2021-04-14 23:44:42,558--INFO--点击提交
mike.bai--2021-04-14 23:44:50,224--INFO--打开Quote网址
mike.bai--2021-04-14 23:44:50,274--INFO--输入用户名:
mike.bai--2021-04-14 23:44:50,305--INFO--输入密码:
mike.bai--2021-04-14 23:44:50,332--INFO--点击提交
mike.bai--2021-04-14 23:44:57,267--INFO--打开Quote网址
mike.bai--2021-04-14 23:44:57,338--INFO--输入用户名:frank
mike.bai--2021-04-14 23:44:57,374--INFO--输入密码:
mike.bai--2021-04-14 23:44:57,392--INFO--点击提交
mike.bai--2021-04-14 23:45:05,748--INFO--打开Quote网址
mike.bai--2021-04-14 23:45:05,835--INFO--输入用户名:jimmy
mike.bai--2021-04-14 23:45:05,850--INFO--输入密码:4455667
mike.bai--2021-04-14 23:45:05,869--INFO--点击提交
mike.bai--2021-04-14 23:45:13,414--INFO--打开Quote网址
mike.bai--2021-04-14 23:45:13,502--INFO--输入用户名:admin
mike.bai--2021-04-14 23:45:13,532--INFO--输入密码:123456
mike.bai--2021-04-14 23:45:13,532--INFO--点击提交
mike.bai--2021-04-14 23:45:24,844--INFO--打开Quote网址
mike.bai--2021-04-14 23:45:24,929--INFO--输入用户名:admin
mike.bai--2021-04-14 23:45:24,958--INFO--输入密码:123456
mike.bai--2021-04-14 23:45:24,976--INFO--点击提交
