mike.bai--2021-04-15 10:32:25,738--INFO--打开Quote网址
mike.bai--2021-04-15 10:32:26,115--INFO--输入用户名:admin
mike.bai--2021-04-15 10:32:26,182--INFO--输入密码:123456
mike.bai--2021-04-15 10:32:26,231--INFO--点击提交
mike.bai--2021-04-15 10:32:36,217--INFO--打开Quote网址
mike.bai--2021-04-15 10:32:36,389--INFO--输入用户名:
mike.bai--2021-04-15 10:32:36,430--INFO--输入密码:
mike.bai--2021-04-15 10:32:36,478--INFO--点击提交
mike.bai--2021-04-15 10:32:46,192--INFO--打开Quote网址
mike.bai--2021-04-15 10:32:46,328--INFO--输入用户名:frank
mike.bai--2021-04-15 10:32:46,390--INFO--输入密码:
mike.bai--2021-04-15 10:32:46,421--INFO--点击提交
mike.bai--2021-04-15 10:32:55,586--INFO--打开Quote网址
mike.bai--2021-04-15 10:32:55,797--INFO--输入用户名:jimmy
mike.bai--2021-04-15 10:32:55,893--INFO--输入密码:4455667
mike.bai--2021-04-15 10:32:55,933--INFO--点击提交
mike.bai--2021-04-15 10:33:05,867--INFO--打开Quote网址
mike.bai--2021-04-15 10:33:05,989--INFO--输入用户名:admin
mike.bai--2021-04-15 10:33:06,036--INFO--输入密码:123456
mike.bai--2021-04-15 10:33:06,079--INFO--点击提交
mike.bai--2021-04-15 10:33:19,548--INFO--打开Quote网址
mike.bai--2021-04-15 10:33:19,698--INFO--输入用户名:admin
mike.bai--2021-04-15 10:33:19,783--INFO--输入密码:123456
mike.bai--2021-04-15 10:33:19,815--INFO--点击提交
mike.bai--2021-04-15 10:48:33,723--INFO--打开Quote网址
mike.bai--2021-04-15 10:48:33,881--INFO--输入用户名:admin
mike.bai--2021-04-15 10:48:33,946--INFO--输入密码:123456
mike.bai--2021-04-15 10:48:34,040--INFO--点击提交
mike.bai--2021-04-15 10:48:43,485--INFO--打开Quote网址
mike.bai--2021-04-15 10:48:43,700--INFO--输入用户名:
mike.bai--2021-04-15 10:48:43,747--INFO--输入密码:
mike.bai--2021-04-15 10:48:43,789--INFO--点击提交
mike.bai--2021-04-15 10:48:53,106--INFO--打开Quote网址
mike.bai--2021-04-15 10:48:53,291--INFO--输入用户名:frank
mike.bai--2021-04-15 10:48:53,348--INFO--输入密码:
mike.bai--2021-04-15 10:48:53,394--INFO--点击提交
mike.bai--2021-04-15 10:49:02,546--INFO--打开Quote网址
mike.bai--2021-04-15 10:49:02,706--INFO--输入用户名:jimmy
mike.bai--2021-04-15 10:49:02,781--INFO--输入密码:4455667
mike.bai--2021-04-15 10:49:02,844--INFO--点击提交
mike.bai--2021-04-15 10:49:12,427--INFO--打开Quote网址
mike.bai--2021-04-15 10:49:12,588--INFO--输入用户名:admin
mike.bai--2021-04-15 10:49:12,639--INFO--输入密码:123456
mike.bai--2021-04-15 10:49:12,686--INFO--点击提交
mike.bai--2021-04-15 10:49:26,215--INFO--打开Quote网址
mike.bai--2021-04-15 10:49:26,410--INFO--输入用户名:admin
mike.bai--2021-04-15 10:49:26,473--INFO--输入密码:123456
mike.bai--2021-04-15 10:49:26,512--INFO--点击提交
mike.bai--2021-04-15 10:51:02,908--INFO--打开Quote网址
mike.bai--2021-04-15 10:51:03,062--INFO--输入用户名:admin
mike.bai--2021-04-15 10:51:03,119--INFO--输入密码:123456
mike.bai--2021-04-15 10:51:03,150--INFO--点击提交
mike.bai--2021-04-15 10:51:12,486--INFO--打开Quote网址
mike.bai--2021-04-15 10:51:12,636--INFO--输入用户名:
mike.bai--2021-04-15 10:51:12,689--INFO--输入密码:
mike.bai--2021-04-15 10:51:12,722--INFO--点击提交
mike.bai--2021-04-15 10:51:21,880--INFO--打开Quote网址
mike.bai--2021-04-15 10:51:22,093--INFO--输入用户名:frank
mike.bai--2021-04-15 10:51:22,139--INFO--输入密码:
mike.bai--2021-04-15 10:51:22,182--INFO--点击提交
mike.bai--2021-04-15 10:51:31,824--INFO--打开Quote网址
mike.bai--2021-04-15 10:51:31,993--INFO--输入用户名:jimmy
mike.bai--2021-04-15 10:51:32,075--INFO--输入密码:4455667
mike.bai--2021-04-15 10:51:32,108--INFO--点击提交
mike.bai--2021-04-15 10:51:42,363--INFO--打开Quote网址
mike.bai--2021-04-15 10:51:42,515--INFO--输入用户名:admin
mike.bai--2021-04-15 10:51:42,577--INFO--输入密码:123456
mike.bai--2021-04-15 10:51:42,609--INFO--点击提交
mike.bai--2021-04-15 10:51:55,987--INFO--打开Quote网址
mike.bai--2021-04-15 10:51:56,155--INFO--输入用户名:admin
mike.bai--2021-04-15 10:51:56,228--INFO--输入密码:123456
mike.bai--2021-04-15 10:51:56,258--INFO--点击提交
mike.bai--2021-04-15 10:59:22,159--INFO--打开Quote网址
mike.bai--2021-04-15 10:59:22,307--INFO--输入用户名:admin
mike.bai--2021-04-15 10:59:22,354--INFO--输入密码:123456
mike.bai--2021-04-15 10:59:22,390--INFO--点击提交
mike.bai--2021-04-15 10:59:32,324--INFO--打开Quote网址
mike.bai--2021-04-15 10:59:32,542--INFO--输入用户名:
mike.bai--2021-04-15 10:59:32,600--INFO--输入密码:
mike.bai--2021-04-15 10:59:32,625--INFO--点击提交
mike.bai--2021-04-15 10:59:42,391--INFO--打开Quote网址
mike.bai--2021-04-15 10:59:42,533--INFO--输入用户名:frank
mike.bai--2021-04-15 10:59:42,590--INFO--输入密码:
mike.bai--2021-04-15 10:59:42,619--INFO--点击提交
mike.bai--2021-04-15 10:59:51,800--INFO--打开Quote网址
mike.bai--2021-04-15 10:59:51,953--INFO--输入用户名:jimmy
mike.bai--2021-04-15 10:59:52,014--INFO--输入密码:4455667
mike.bai--2021-04-15 10:59:52,067--INFO--点击提交
mike.bai--2021-04-15 11:00:01,689--INFO--打开Quote网址
mike.bai--2021-04-15 11:00:01,903--INFO--输入用户名:admin
mike.bai--2021-04-15 11:00:01,997--INFO--输入密码:123456
mike.bai--2021-04-15 11:00:02,089--INFO--点击提交
mike.bai--2021-04-15 11:00:16,009--INFO--打开Quote网址
mike.bai--2021-04-15 11:00:16,195--INFO--输入用户名:admin
mike.bai--2021-04-15 11:00:16,253--INFO--输入密码:123456
mike.bai--2021-04-15 11:00:16,351--INFO--点击提交
mike.bai--2021-04-15 11:31:54,321--INFO--打开Quote网址
mike.bai--2021-04-15 11:31:54,466--INFO--输入用户名:admin
mike.bai--2021-04-15 11:31:54,527--INFO--输入密码:123456
mike.bai--2021-04-15 11:31:54,555--INFO--点击提交
mike.bai--2021-04-15 11:32:04,550--INFO--打开Quote网址
mike.bai--2021-04-15 11:32:04,693--INFO--输入用户名:
mike.bai--2021-04-15 11:32:04,741--INFO--输入密码:
mike.bai--2021-04-15 11:32:04,802--INFO--点击提交
mike.bai--2021-04-15 11:32:14,738--INFO--打开Quote网址
mike.bai--2021-04-15 11:32:14,911--INFO--输入用户名:frank
mike.bai--2021-04-15 11:32:14,946--INFO--输入密码:
mike.bai--2021-04-15 11:32:14,980--INFO--点击提交
mike.bai--2021-04-15 11:32:24,797--INFO--打开Quote网址
mike.bai--2021-04-15 11:32:24,961--INFO--输入用户名:jimmy
mike.bai--2021-04-15 11:32:25,012--INFO--输入密码:4455667
mike.bai--2021-04-15 11:32:25,036--INFO--点击提交
mike.bai--2021-04-15 11:32:34,302--INFO--打开Quote网址
mike.bai--2021-04-15 11:32:34,460--INFO--输入用户名:admin
mike.bai--2021-04-15 11:32:34,516--INFO--输入密码:123456
mike.bai--2021-04-15 11:32:34,541--INFO--点击提交
mike.bai--2021-04-15 11:32:48,611--INFO--打开Quote网址
mike.bai--2021-04-15 11:32:48,772--INFO--输入用户名:admin
mike.bai--2021-04-15 11:32:48,868--INFO--输入密码:123456
mike.bai--2021-04-15 11:32:48,912--INFO--点击提交
